c:\users\tom\documents\visual studio 2013\projects\plane2dshoot\plane2dshoot\debug\vc120.pdb
c:\users\tom\documents\visual studio 2013\projects\plane2dshoot\plane2dshoot\debug\vc120.idb
c:\users\tom\documents\visual studio 2013\projects\plane2dshoot\plane2dshoot\debug\camera.obj
c:\users\tom\documents\visual studio 2013\projects\plane2dshoot\plane2dshoot\debug\collision.obj
c:\users\tom\documents\visual studio 2013\projects\plane2dshoot\plane2dshoot\debug\keypress.obj
c:\users\tom\documents\visual studio 2013\projects\plane2dshoot\plane2dshoot\debug\main.obj
c:\users\tom\documents\visual studio 2013\projects\plane2dshoot\plane2dshoot\debug\maingame.obj
c:\users\tom\documents\visual studio 2013\projects\plane2dshoot\plane2dshoot\debug\projectile.obj
c:\users\tom\documents\visual studio 2013\projects\plane2dshoot\plane2dshoot\debug\render.obj
c:\users\tom\documents\visual studio 2013\projects\plane2dshoot\plane2dshoot\debug\sound.obj
c:\users\tom\documents\visual studio 2013\projects\plane2dshoot\plane2dshoot\debug\text.obj
c:\users\tom\documents\visual studio 2013\projects\plane2dshoot\plane2dshoot\debug\turret.obj
c:\users\tom\documents\visual studio 2013\projects\plane2dshoot\debug\plane2dshoot.pdb
c:\users\tom\documents\visual studio 2013\projects\plane2dshoot\plane2dshoot\debug\plane2dshoot.tlog\cl.command.1.tlog
c:\users\tom\documents\visual studio 2013\projects\plane2dshoot\plane2dshoot\debug\plane2dshoot.tlog\cl.read.1.tlog
c:\users\tom\documents\visual studio 2013\projects\plane2dshoot\plane2dshoot\debug\plane2dshoot.tlog\cl.write.1.tlog
c:\users\tom\documents\visual studio 2013\projects\plane2dshoot\plane2dshoot\debug\plane2dshoot.tlog\link-cvtres.read.1.tlog
c:\users\tom\documents\visual studio 2013\projects\plane2dshoot\plane2dshoot\debug\plane2dshoot.tlog\link-cvtres.write.1.tlog
c:\users\tom\documents\visual studio 2013\projects\plane2dshoot\plane2dshoot\debug\plane2dshoot.tlog\link-rc.read.1.tlog
c:\users\tom\documents\visual studio 2013\projects\plane2dshoot\plane2dshoot\debug\plane2dshoot.tlog\link-rc.write.1.tlog
c:\users\tom\documents\visual studio 2013\projects\plane2dshoot\plane2dshoot\debug\plane2dshoot.tlog\link.command.1.tlog
c:\users\tom\documents\visual studio 2013\projects\plane2dshoot\plane2dshoot\debug\plane2dshoot.tlog\link.read.1.tlog
c:\users\tom\documents\visual studio 2013\projects\plane2dshoot\plane2dshoot\debug\plane2dshoot.tlog\link.write.1.tlog
