  Render.cpp
c:\users\tom\source\repos\plane2dshoot\plane2dshoot\render.cpp(196): warning C4244: 'initializing': conversion from 'double' to 'GLfloat', possible loss of data
c:\users\tom\source\repos\plane2dshoot\plane2dshoot\render.cpp(197): warning C4244: 'initializing': conversion from 'double' to 'GLfloat', possible loss of data
c:\users\tom\source\repos\plane2dshoot\plane2dshoot\render.cpp(327): warning C4244: 'initializing': conversion from 'double' to 'GLfloat', possible loss of data
c:\users\tom\source\repos\plane2dshoot\plane2dshoot\render.cpp(332): warning C4244: '=': conversion from 'double' to 'GLfloat', possible loss of data
c:\users\tom\source\repos\plane2dshoot\plane2dshoot\render.cpp(427): warning C4101: 'c1': unreferenced local variable
c:\users\tom\source\repos\plane2dshoot\plane2dshoot\render.cpp(427): warning C4101: 'm2': unreferenced local variable
c:\users\tom\source\repos\plane2dshoot\plane2dshoot\render.cpp(427): warning C4101: 'y1': unreferenced local variable
c:\users\tom\source\repos\plane2dshoot\plane2dshoot\render.cpp(427): warning C4101: 'x1': unreferenced local variable
c:\users\tom\source\repos\plane2dshoot\plane2dshoot\render.cpp(427): warning C4101: 'm1': unreferenced local variable
c:\users\tom\source\repos\plane2dshoot\plane2dshoot\render.cpp(427): warning C4101: 'c2': unreferenced local variable
c:\users\tom\source\repos\plane2dshoot\plane2dshoot\render.cpp(427): warning C4101: 'temp': unreferenced local variable
c:\users\tom\source\repos\plane2dshoot\plane2dshoot\render.cpp(596): warning C4244: '=': conversion from 'double' to 'GLfloat', possible loss of data
c:\users\tom\source\repos\plane2dshoot\plane2dshoot\render.cpp(893): warning C4244: 'initializing': conversion from 'int' to 'GLfloat', possible loss of data
c:\users\tom\source\repos\plane2dshoot\plane2dshoot\render.cpp(924): warning C4244: '=': conversion from 'int' to 'GLfloat', possible loss of data
c:\users\tom\source\repos\plane2dshoot\plane2dshoot\render.cpp(931): warning C4244: '=': conversion from 'int' to 'GLfloat', possible loss of data
c:\users\tom\source\repos\plane2dshoot\plane2dshoot\render.cpp(939): warning C4244: '=': conversion from 'int' to 'GLfloat', possible loss of data
c:\users\tom\source\repos\plane2dshoot\plane2dshoot\render.cpp(940): warning C4305: '*=': truncation from 'double' to 'GLfloat'
c:\users\tom\source\repos\plane2dshoot\plane2dshoot\render.cpp(1039): warning C4244: 'initializing': conversion from 'int' to 'GLfloat', possible loss of data
c:\users\tom\source\repos\plane2dshoot\plane2dshoot\render.cpp(1047): warning C4244: '=': conversion from 'int' to 'GLfloat', possible loss of data
c:\users\tom\source\repos\plane2dshoot\plane2dshoot\render.cpp(1121): warning C4244: 'initializing': conversion from 'GLint' to 'GLfloat', possible loss of data
c:\users\tom\source\repos\plane2dshoot\plane2dshoot\render.cpp(1206): warning C4244: 'initializing': conversion from 'int' to 'GLfloat', possible loss of data
c:\users\tom\source\repos\plane2dshoot\plane2dshoot\render.cpp(1207): warning C4244: 'initializing': conversion from 'int' to 'GLfloat', possible loss of data
LINK : warning LNK4098: defaultlib 'LIBCMT' conflicts with use of other libs; use /NODEFAULTLIB:library
SOIL.lib(image_DXT.obj) : warning LNK4099: PDB 'vc120.pdb' was not found with 'SOIL.lib(image_DXT.obj)' or at 'C:\Users\Tom\source\repos\plane2Dshoot\Debug\vc120.pdb'; linking object as if no debug info
SOIL.lib(image_helper.obj) : warning LNK4099: PDB 'vc120.pdb' was not found with 'SOIL.lib(image_helper.obj)' or at 'C:\Users\Tom\source\repos\plane2Dshoot\Debug\vc120.pdb'; linking object as if no debug info
SOIL.lib(SOIL.obj) : warning LNK4099: PDB 'vc120.pdb' was not found with 'SOIL.lib(SOIL.obj)' or at 'C:\Users\Tom\source\repos\plane2Dshoot\Debug\vc120.pdb'; linking object as if no debug info
SOIL.lib(stb_image_aug.obj) : warning LNK4099: PDB 'vc120.pdb' was not found with 'SOIL.lib(stb_image_aug.obj)' or at 'C:\Users\Tom\source\repos\plane2Dshoot\Debug\vc120.pdb'; linking object as if no debug info
glew32s.lib(glew.obj) : warning LNK4099: PDB 'vc120.pdb' was not found with 'glew32s.lib(glew.obj)' or at 'C:\Users\Tom\source\repos\plane2Dshoot\Debug\vc120.pdb'; linking object as if no debug info
  plane2Dshoot.vcxproj -> C:\Users\Tom\source\repos\plane2Dshoot\Debug\plane2Dshoot.exe
  plane2Dshoot.vcxproj -> C:\Users\Tom\source\repos\plane2Dshoot\Debug\plane2Dshoot.pdb (Partial PDB)
