  Camera.cpp
  Collision.cpp
Collision.cpp(150): warning C4244: '=': conversion from 'double' to 'GLfloat', possible loss of data
Collision.cpp(172): warning C4244: '=': conversion from 'double' to 'GLfloat', possible loss of data
Collision.cpp(87): warning C4101: 'c1': unreferenced local variable
Collision.cpp(87): warning C4101: 'm2': unreferenced local variable
Collision.cpp(87): warning C4101: 'y1': unreferenced local variable
Collision.cpp(87): warning C4101: 'x1': unreferenced local variable
Collision.cpp(87): warning C4101: 'm1': unreferenced local variable
Collision.cpp(87): warning C4101: 'c2': unreferenced local variable
Collision.cpp(87): warning C4101: 'temp': unreferenced local variable
Collision.cpp(212): warning C4244: '=': conversion from 'double' to 'GLfloat', possible loss of data
Collision.cpp(300): warning C4101: 'littleX': unreferenced local variable
Collision.cpp(300): warning C4101: 'littleY': unreferenced local variable
  KeyPress.cpp
KeyPress.cpp(37): warning C4305: '=': truncation from 'double' to 'GLfloat'
KeyPress.cpp(71): warning C4305: '=': truncation from 'double' to 'GLfloat'
  main.cpp
  MainGame.cpp
  Render.cpp
Render.cpp(196): warning C4244: 'initializing': conversion from 'double' to 'GLfloat', possible loss of data
Render.cpp(197): warning C4244: 'initializing': conversion from 'double' to 'GLfloat', possible loss of data
Render.cpp(327): warning C4244: 'initializing': conversion from 'double' to 'GLfloat', possible loss of data
Render.cpp(332): warning C4244: '=': conversion from 'double' to 'GLfloat', possible loss of data
Render.cpp(427): warning C4101: 'c1': unreferenced local variable
Render.cpp(427): warning C4101: 'm2': unreferenced local variable
Render.cpp(427): warning C4101: 'y1': unreferenced local variable
Render.cpp(427): warning C4101: 'x1': unreferenced local variable
Render.cpp(427): warning C4101: 'm1': unreferenced local variable
Render.cpp(427): warning C4101: 'c2': unreferenced local variable
Render.cpp(427): warning C4101: 'temp': unreferenced local variable
Render.cpp(819): warning C4244: '=': conversion from 'double' to 'GLfloat', possible loss of data
Render.cpp(1226): warning C4244: 'initializing': conversion from 'int' to 'GLfloat', possible loss of data
Render.cpp(1257): warning C4244: '=': conversion from 'int' to 'GLfloat', possible loss of data
Render.cpp(1264): warning C4244: '=': conversion from 'int' to 'GLfloat', possible loss of data
Render.cpp(1272): warning C4244: '=': conversion from 'int' to 'GLfloat', possible loss of data
Render.cpp(1273): warning C4305: '*=': truncation from 'double' to 'GLfloat'
Render.cpp(1411): warning C4244: 'initializing': conversion from 'int' to 'GLfloat', possible loss of data
Render.cpp(1419): warning C4244: '=': conversion from 'int' to 'GLfloat', possible loss of data
Render.cpp(1493): warning C4244: 'initializing': conversion from 'GLint' to 'GLfloat', possible loss of data
Render.cpp(1620): warning C4244: 'initializing': conversion from 'int' to 'GLfloat', possible loss of data
Render.cpp(1621): warning C4244: 'initializing': conversion from 'int' to 'GLfloat', possible loss of data
  Sound.cpp
  Text.cpp
  Turret.cpp
SOIL.lib(SOIL.obj) : warning LNK4075: ignoring '/EDITANDCONTINUE' due to '/OPT:ICF' specification
LINK : warning LNK4098: defaultlib 'MSVCRTD' conflicts with use of other libs; use /NODEFAULTLIB:library
LINK : warning LNK4098: defaultlib 'LIBCMT' conflicts with use of other libs; use /NODEFAULTLIB:library
  Generating code
  All 313 functions were compiled because no usable IPDB/IOBJ from previous compilation was found.
  Finished generating code
SOIL.lib(image_DXT.obj) : warning LNK4099: PDB 'vc120.pdb' was not found with 'SOIL.lib(image_DXT.obj)' or at 'C:\Users\Tom\source\repos\plane2Dshoot\Release\vc120.pdb'; linking object as if no debug info
SOIL.lib(image_helper.obj) : warning LNK4099: PDB 'vc120.pdb' was not found with 'SOIL.lib(image_helper.obj)' or at 'C:\Users\Tom\source\repos\plane2Dshoot\Release\vc120.pdb'; linking object as if no debug info
SOIL.lib(SOIL.obj) : warning LNK4099: PDB 'vc120.pdb' was not found with 'SOIL.lib(SOIL.obj)' or at 'C:\Users\Tom\source\repos\plane2Dshoot\Release\vc120.pdb'; linking object as if no debug info
SOIL.lib(stb_image_aug.obj) : warning LNK4099: PDB 'vc120.pdb' was not found with 'SOIL.lib(stb_image_aug.obj)' or at 'C:\Users\Tom\source\repos\plane2Dshoot\Release\vc120.pdb'; linking object as if no debug info
glew32s.lib(glew.obj) : warning LNK4099: PDB 'vc120.pdb' was not found with 'glew32s.lib(glew.obj)' or at 'C:\Users\Tom\source\repos\plane2Dshoot\Release\vc120.pdb'; linking object as if no debug info
  plane2Dshoot.vcxproj -> C:\Users\Tom\source\repos\plane2Dshoot\Release\plane2Dshoot.exe
  plane2Dshoot.vcxproj -> C:\Users\Tom\source\repos\plane2Dshoot\Release\plane2Dshoot.pdb (Full PDB)
